1 1
2 2
3 3
4 4
4 6
4 7
4 9
4 10
4 11
4 12
4 13
4 14
4 15
5 5
6 8
7 16
8 17
9 18
10 19
11 20
12 21
13 22
14 23
15 24
16 25
17 26
18 27
19 28
20 29
21 30
22 31
23 32
24 33
25 34
26 35
26 37
27 36
28 38
29 39
30 40
31 41
32 42
33 43
34 44
34 45
34 47
35 46
36 48
37 49
38 50
39 51
40 52
41 53
42 54
43 55
44 56
44 60
45 57
46 58
47 59
48 61
49 62
50 63
51 64
52 65
53 66
54 67
55 68
56 69
57 70
58 71
59 72
60 73
61 74
62 75
63 76
64 77
65 78
66 79
67 80
68 81
68 98
68 84
68 100
68 85
68 86
68 87
68 91
68 93
68 94
69 82
70 83
71 88
72 89
73 90
74 92
75 95
76 96
77 97
78 99
79 101
80 102
81 103
82 104
83 105
84 106
85 107
86 108
87 109
88 110
89 111
90 112
91 113
92 114
93 115
94 116
95 117
95 118
96 119
97 120
98 121
99 122
100 123
101 124
102 125
103 126
104 127
105 128
106 129
107 130
108 131
109 132
110 133
111 134
112 135
113 136
114 137
114 139
115 138
116 140
117 141
118 142
119 143
120 144
121 145
122 146
123 147
123 150
123 152
123 155
124 148
125 149
126 151
127 153
128 154
129 161
129 164
129 156
130 157
131 158
132 159
133 160
134 162
134 163
135 165
136 166
137 167
138 168
139 169
140 170
141 177
141 178
141 186
141 171
141 188
141 190
142 172
143 173
144 174
145 175
146 176
147 179
147 180
148 181
149 182
149 183
150 184
151 185
152 187
153 189
154 191
155 192
155 193
155 194
155 196
155 198
155 200
155 201
155 202
155 203
156 195
157 197
158 199
159 204
160 205
161 206
162 207
163 208
164 209
165 210
166 211
167 212
168 213
169 214
170 215
171 216
172 217
173 218
174 219
175 220
176 221
177 222
178 223
179 224
180 225
181 226
182 227
183 228
183 230
184 229
184 235
185 231
186 232
187 233
188 234
189 241
189 245
189 236
190 237
191 243
191 238
192 239
193 240
194 242
195 244
196 246
197 247
198 257
198 258
198 261
198 248
198 249
198 251
198 254
199 250
200 252
201 253
202 255
203 256
204 259
205 260
206 262
207 263
208 264
209 265
210 266
211 267
212 268
213 269
214 270
215 271
216 272
217 273
218 274
218 286
219 275
220 276
221 277
222 278
223 279
224 280
225 281
226 282
227 283
228 284
229 285
230 287
231 288
231 290
231 291
231 293
231 294
231 295
231 297
231 298
231 299
231 300
231 301
232 289
233 292
234 296
235 302
236 303
237 304
238 305
239 306
240 307
241 308
242 309
243 310
244 311
245 312
246 313
247 314
248 315
249 316
250 317
251 318
252 319
253 320
254 321
255 322
256 323
256 325
256 327
256 328
256 329
257 324
258 326
259 330
260 331
261 332
262 333
263 336
263 338
263 334
264 335
265 337
266 339
267 340
268 353
268 354
268 355
268 356
268 341
268 343
268 344
268 345
268 346
268 347
268 351
269 342
270 348
271 349
272 350
273 352
274 357
275 358
276 359
277 360
278 368
278 361
278 362
278 363
278 364
278 366
278 367
279 365
280 369
281 370
281 374
281 375
281 376
282 371
282 372
283 373
284 377
285 384
285 385
285 386
285 387
285 378
285 380
285 381
285 382
285 383
286 379
287 401
287 402
287 403
287 388
287 404
287 391
287 393
287 394
287 395
287 397
287 399
288 389
289 400
289 390
289 392
289 396
290 398
291 405
292 406
293 416
293 418
293 419
293 420
293 422
293 407
293 412
293 414
293 415
294 408
294 413
295 409
296 410
297 411
298 417
299 421
300 423
301 424
302 425
303 426
304 427
305 428
306 429
307 430
308 431
309 432
310 433
311 434
312 435
313 436
314 437
315 448
315 438
315 443
315 446
316 439
317 440
318 441
319 442
320 444
321 445
322 447
323 449
324 450
325 451
326 452
326 458
327 453
328 454
329 455
330 456
331 457
332 459
333 460
334 461
335 462
336 463
337 464
337 469
338 465
338 468
338 470
338 472
338 473
338 475
339 466
340 467
341 471
342 474
343 476
344 477
345 478
346 481
346 479
347 480
348 482
349 483
350 484
351 485
352 486
352 491
353 487
353 488
353 492
354 489
355 490
356 493
357 494
358 495
359 496
360 497
361 498
362 499
362 501
363 500
364 502
365 503
366 512
366 504
366 508
366 509
367 514
367 505
368 506
369 507
369 511
370 510
371 513
372 515
373 516
374 517
375 518
376 529
376 519
376 521
376 527
377 520
378 522
379 523
380 524
381 525
382 526
383 528
384 530
385 544
385 531
385 532
385 534
385 567
385 552
385 568
385 569
385 539
385 571
385 558
386 533
387 535
388 546
388 547
388 550
388 555
388 556
388 559
388 560
388 563
388 536
388 538
388 540
388 541
388 543
389 537
390 542
391 545
392 548
392 551
393 549
394 553
395 554
396 557
397 561
397 564
398 562
399 565
400 566
401 570
402 572
403 573
404 578
404 580
404 574
405 577
405 575
406 576
407 579
408 581
409 582
409 590
410 583
410 585
411 584
412 586
413 594
413 596
413 598
413 600
413 587
414 588
415 589
416 591
417 592
418 593
418 599
419 595
419 597
420 601
421 602
422 603
423 604
424 605
425 608
425 609
425 611
425 617
425 606
425 607
426 610
426 612
427 613
428 614
428 618
428 619
428 620
429 615
430 616
431 621
432 622
433 624
433 623
434 625
435 626
435 629
435 630
435 635
436 627
437 628
438 631
439 632
440 633
441 634
442 636
443 637
444 638
445 642
445 645
445 639
446 640
447 641
447 643
447 644
447 646
448 647
449 662
449 648
449 649
450 650
451 651
452 652
453 661
453 664
453 666
453 668
453 653
454 654
455 655
456 656
457 657
458 658
459 659
459 665
460 660
461 663
462 667
463 669
464 675
464 692
464 679
464 680
464 681
464 685
464 670
465 671
466 672
467 673
468 688
468 674
468 691
468 677
468 682
468 683
468 684
468 686
468 687
469 676
470 678
471 689
472 690
473 693
474 694
475 695
476 696
477 697
478 698
479 699
480 700
481 701
482 709
482 715
482 702
483 703
484 704
485 705
486 706
487 707
488 708
489 710
490 711
491 712
491 713
492 714
493 716
494 717
495 718
496 719
497 720
498 721
499 722
500 723
501 724
502 725
503 726
504 727
505 728
506 729
507 730
508 731
509 732
510 733
511 734
512 739
512 735
513 736
514 737
515 738
516 740
517 741
518 742
519 743
520 744
521 745
522 746
523 747
524 748
