1 1
1 2
1 3
1 4
1 6
1 7
1 8
1 9
1 10
1 11
1 12
1 13
1 14
1 15
2 5
3 16
4 17
5 256
5 257
5 258
5 259
5 260
5 516
5 261
5 517
5 262
5 263
5 519
5 264
5 521
5 526
5 527
5 528
5 529
5 18
5 531
5 25
5 26
5 288
5 35
5 36
5 37
5 39
5 40
5 41
5 43
5 44
5 45
5 46
5 47
5 48
5 49
5 50
5 52
5 53
5 54
5 56
5 58
5 59
5 61
5 573
5 62
5 574
5 63
5 65
5 68
5 73
5 330
5 75
5 76
5 77
5 342
5 101
5 102
5 103
5 104
5 360
5 105
5 106
5 108
5 109
5 621
5 110
5 622
5 112
5 113
5 625
5 626
5 115
5 627
5 116
5 628
5 117
5 629
5 118
5 630
5 119
5 631
5 632
5 121
5 633
5 123
5 635
5 637
5 638
5 640
5 132
5 388
5 391
5 647
5 648
5 649
5 656
5 146
5 148
5 151
5 153
5 154
5 156
5 158
5 159
5 671
5 160
5 161
5 673
5 162
5 163
5 164
5 165
5 423
5 428
5 174
5 175
5 176
5 179
5 180
5 182
5 694
5 696
5 698
5 191
5 704
5 449
5 706
5 708
5 454
5 711
5 712
5 713
5 716
5 717
5 206
5 718
5 721
5 723
5 724
5 725
5 726
5 731
5 732
5 733
5 227
5 740
5 229
5 744
5 233
5 236
5 237
5 493
5 494
5 239
5 240
5 241
5 242
5 244
5 245
5 246
5 247
5 248
5 249
5 251
5 252
5 254
5 255
6 19
7 33
7 147
7 20
7 22
7 150
7 152
7 155
7 157
8 21
9 23
10 24
11 27
12 28
12 29
12 31
13 32
13 80
13 96
13 34
13 82
13 83
13 695
13 89
13 697
13 91
13 30
13 78
14 38
15 42
16 51
17 55
17 57
17 60
18 64
19 66
19 67
19 70
19 71
19 72
19 74
20 69
21 99
21 90
21 79
22 81
22 97
22 98
22 84
22 100
22 85
22 86
22 87
22 88
22 93
22 94
22 95
23 92
24 107
25 111
26 114
27 120
27 125
28 122
29 124
30 129
30 130
30 126
30 142
30 127
31 128
31 133
31 134
31 135
31 136
31 137
31 138
31 139
31 140
31 141
31 143
31 144
31 145
32 131
33 149
34 166
34 169
34 170
34 171
34 172
34 177
34 178
34 183
34 184
34 185
34 186
34 188
34 189
34 190
35 167
36 168
37 173
38 181
39 187
40 192
40 193
40 194
40 195
40 196
40 197
40 198
40 199
40 200
40 201
40 202
40 203
41 224
41 225
41 226
41 204
41 207
41 209
41 210
41 211
41 213
41 214
41 216
41 217
41 218
41 219
41 220
41 221
41 222
41 223
42 205
43 208
44 212
45 215
46 228
46 230
46 234
46 235
47 231
48 232
49 243
49 238
50 250
51 253
52 265
53 482
53 266
53 268
53 270
53 273
53 274
53 276
53 277
53 278
53 279
53 280
53 281
53 282
53 283
53 284
53 285
53 286
53 287
54 272
54 275
54 267
54 269
55 271
56 289
56 290
56 291
56 292
56 293
56 294
56 295
56 296
56 297
56 298
56 299
56 300
56 301
57 302
58 320
58 321
58 322
58 324
58 326
58 303
58 304
58 305
58 306
58 307
58 308
58 309
58 310
58 311
58 312
58 313
58 314
58 315
58 316
58 318
58 319
59 317
60 323
60 325
60 327
60 328
60 329
61 331
61 333
61 334
61 335
61 336
61 337
61 338
61 339
61 340
61 341
61 343
61 344
61 345
61 346
61 347
61 348
61 349
61 350
61 351
61 352
61 353
61 354
61 355
61 356
61 358
62 357
62 332
63 359
64 361
64 362
64 363
64 364
64 365
64 366
64 367
64 368
64 370
64 371
64 372
64 374
64 375
64 376
65 545
65 546
65 547
65 548
65 550
65 551
65 553
65 554
65 555
65 556
65 559
65 560
65 369
65 561
65 563
65 564
65 533
65 536
65 537
65 538
65 570
65 540
65 541
65 543
66 373
67 377
68 384
68 385
68 386
68 387
68 378
68 379
68 380
68 381
68 382
68 383
69 389
70 390
70 392
70 393
70 394
70 395
70 396
70 397
70 399
70 400
70 401
70 402
70 403
70 404
71 398
72 405
73 406
73 408
73 409
73 411
73 413
73 415
74 416
74 418
74 419
74 420
74 422
74 407
74 412
74 414
75 417
75 421
75 410
76 424
77 448
77 438
77 440
77 425
77 426
77 443
77 429
77 446
77 431
78 433
78 435
78 437
78 439
78 441
78 427
78 444
78 445
78 447
79 430
80 432
81 434
81 436
82 442
83 450
83 455
83 457
84 464
84 451
84 469
84 471
84 474
84 461
84 463
85 452
85 458
85 459
86 453
87 456
88 460
89 465
89 468
89 470
89 472
89 473
89 475
89 462
90 466
91 467
92 489
92 476
93 481
93 483
93 484
93 485
93 486
93 487
93 488
93 491
93 492
93 477
93 479
94 478
95 480
96 490
97 500
97 495
98 496
98 512
98 504
98 506
98 508
98 509
99 497
100 498
100 499
100 501
101 502
102 514
102 503
102 505
103 507
103 511
104 510
105 513
106 515
106 524
107 518
108 520
109 522
110 523
111 525
112 544
112 552
112 558
112 530
112 562
112 532
112 534
112 566
112 567
112 568
112 569
112 539
112 571
113 535
114 542
115 549
115 565
116 557
117 578
117 580
117 572
118 577
118 579
118 575
119 576
120 581
120 584
120 587
120 589
120 591
120 592
120 593
120 594
120 595
120 596
120 597
120 598
120 599
120 600
121 582
121 590
122 583
122 585
122 586
123 588
124 601
125 610
125 612
125 614
125 616
125 602
125 618
125 619
125 604
125 620
126 603
127 608
127 609
127 611
127 613
127 615
127 617
127 605
127 606
127 607
128 624
128 623
129 634
130 636
131 642
131 645
131 639
132 641
132 643
132 644
132 646
133 650
134 657
134 651
135 652
135 655
136 658
136 660
136 661
136 662
136 664
136 666
136 668
136 653
137 654
138 659
138 665
138 667
139 663
140 675
140 676
140 692
140 678
140 679
140 680
140 681
140 684
140 669
140 685
140 670
141 672
141 688
141 689
141 674
141 690
141 691
141 677
141 682
141 683
141 686
141 687
142 693
143 699
144 700
145 701
146 709
146 715
146 702
147 703
148 705
148 707
148 710
149 714
150 720
150 722
150 727
150 730
150 719
151 728
152 729
153 737
153 739
153 741
153 743
153 745
153 746
153 747
153 748
153 734
153 735
154 736
155 738
156 742
