1 1
1 2
1 3
1 4
1 5
1 6
1 7
1 8
1 9
1 10
1 11
1 12
1 13
1 14
1 15
2 516
2 517
2 518
2 519
2 521
2 522
2 525
2 526
2 527
2 16
2 528
2 529
2 18
2 530
2 531
2 532
2 21
2 533
2 534
2 23
2 536
2 25
2 26
2 539
2 28
2 29
2 31
2 544
2 35
2 36
2 37
2 38
2 39
2 40
2 41
2 43
2 44
2 45
2 46
2 47
2 48
2 49
2 50
2 52
2 53
2 54
2 55
2 56
2 57
2 58
2 59
2 571
2 60
2 61
2 573
2 62
2 574
2 63
2 575
2 64
2 576
2 65
2 577
2 66
2 579
2 68
2 581
2 582
2 583
2 584
2 73
2 75
2 587
2 76
2 77
2 591
2 593
2 601
2 602
2 603
2 605
2 101
2 102
2 614
2 103
2 104
2 105
2 106
2 618
2 107
2 108
2 109
2 621
2 110
2 622
2 111
2 623
2 112
2 624
2 113
2 625
2 626
2 115
2 627
2 116
2 628
2 117
2 629
2 118
2 630
2 119
2 631
2 632
2 121
2 633
2 634
2 123
2 635
2 124
2 636
2 637
2 126
2 638
2 127
2 128
2 640
2 641
2 643
2 132
2 133
2 134
2 135
2 647
2 136
2 648
2 137
2 649
2 650
2 652
2 141
2 653
2 143
2 144
2 656
2 145
2 146
2 658
2 148
2 661
2 151
2 153
2 154
2 156
2 669
2 158
2 670
2 159
2 671
2 160
2 161
2 673
2 163
2 675
2 164
2 676
2 165
2 166
2 678
2 167
2 679
2 168
2 174
2 175
2 176
2 179
2 180
2 181
2 693
2 182
2 694
2 696
2 698
2 187
2 699
2 189
2 701
2 191
2 192
2 704
2 193
2 705
2 194
2 706
2 196
2 708
2 197
2 199
2 711
2 712
2 713
2 204
2 716
2 205
2 717
2 206
2 718
2 207
2 209
2 721
2 723
2 724
2 213
2 725
2 726
2 215
2 728
2 731
2 732
2 733
2 223
2 227
2 228
2 740
2 229
2 230
2 231
2 744
2 233
2 235
2 236
2 237
2 238
2 239
2 240
2 241
2 242
2 243
2 244
2 245
2 246
2 247
2 248
2 249
2 250
2 251
2 252
2 253
2 254
2 255
2 256
2 257
2 258
2 259
2 260
2 261
2 262
2 263
2 264
2 265
2 266
2 267
2 268
2 270
2 271
2 273
2 276
2 288
2 289
2 330
2 332
2 342
2 360
2 361
2 362
2 363
2 367
2 377
2 378
2 379
2 380
2 381
2 382
2 383
2 384
2 385
2 386
2 387
2 388
2 390
2 391
2 406
2 409
2 423
2 424
2 426
2 427
2 428
2 429
2 431
2 432
2 433
2 434
2 435
2 437
2 439
2 441
2 444
2 445
2 449
2 452
2 453
2 454
2 457
2 458
2 460
2 462
2 476
2 477
2 478
2 479
2 480
2 481
2 483
2 484
2 485
2 486
2 487
2 488
2 492
2 493
2 494
2 496
2 497
2 502
2 503
2 504
2 506
2 507
2 508
2 511
3 714
3 78
3 80
3 17
3 82
3 19
3 83
3 147
3 20
3 22
3 150
3 24
3 152
3 89
3 27
3 155
3 92
3 157
3 30
3 32
3 96
3 33
3 34
3 162
3 695
3 697
3 700
4 42
5 51
6 67
6 70
6 71
6 72
6 74
7 69
8 97
8 98
8 99
8 100
8 79
8 81
8 84
8 85
8 86
8 87
8 88
8 90
8 91
8 93
8 94
8 95
9 114
10 120
10 122
10 125
11 129
11 130
12 131
13 138
13 139
13 140
13 142
14 149
15 177
15 178
15 183
15 184
15 169
15 185
15 170
15 186
15 171
15 172
15 188
15 190
16 173
17 195
17 198
17 200
17 201
17 202
17 203
18 208
19 224
19 225
19 226
19 210
19 211
19 214
19 216
19 217
19 218
19 219
19 220
19 221
19 222
20 212
21 232
21 234
22 272
22 275
22 278
22 279
22 269
23 482
23 490
23 491
23 274
23 277
23 280
23 281
23 282
23 283
23 284
23 285
23 286
23 287
24 290
24 291
24 292
24 293
24 294
24 295
24 296
24 297
24 298
24 299
24 300
24 301
25 317
25 302
26 320
26 321
26 322
26 323
26 324
26 325
26 326
26 327
26 328
26 329
26 303
26 304
26 305
26 306
26 307
26 308
26 309
26 310
26 311
26 312
26 313
26 314
26 315
26 316
26 318
26 319
27 331
27 333
27 334
27 335
27 336
27 337
27 338
27 339
27 340
27 341
27 343
27 344
27 345
27 346
27 347
27 348
27 349
27 350
27 351
27 352
27 353
27 354
27 355
27 356
27 357
27 358
28 359
29 549
29 364
29 365
29 366
29 368
29 369
29 370
29 371
29 372
29 373
29 565
29 374
29 375
29 376
29 537
30 389
30 392
30 393
30 394
30 395
30 396
30 397
30 398
30 399
30 400
30 401
30 402
30 403
30 404
31 405
31 408
31 413
32 416
32 418
32 419
32 420
32 422
32 407
32 412
32 414
32 415
33 417
33 578
33 580
33 421
33 410
33 572
34 411
35 440
35 425
36 430
37 448
37 436
37 438
37 443
37 446
37 447
38 442
39 450
39 455
40 451
40 461
40 463
40 464
40 465
40 467
40 468
40 469
40 470
40 471
40 472
40 473
40 474
40 475
41 456
42 459
43 466
44 489
45 512
45 514
45 500
45 509
45 495
46 498
46 499
46 501
46 505
47 510
48 513
49 515
49 524
50 520
51 523
52 545
52 546
52 548
52 550
52 551
52 552
52 553
52 554
52 556
52 558
52 559
52 560
52 561
52 562
52 563
52 564
52 566
52 535
52 567
52 568
52 569
52 540
52 541
52 543
53 547
53 538
53 570
53 555
54 542
55 557
56 585
56 586
56 588
56 589
56 590
56 592
56 594
56 595
56 596
56 597
56 598
56 599
56 600
57 610
57 612
57 604
58 608
58 609
58 611
58 613
58 615
58 616
58 617
58 619
58 620
58 606
58 607
59 642
59 644
59 645
59 646
59 639
60 657
60 651
61 663
61 654
62 655
63 659
63 665
63 667
64 660
64 662
64 664
64 666
64 668
65 672
65 688
65 689
65 674
65 690
65 691
65 677
65 682
65 683
65 684
65 686
65 687
66 692
66 680
66 681
66 685
67 709
67 715
67 702
68 710
68 703
69 707
70 720
70 722
70 727
70 730
70 719
71 729
72 736
72 737
72 738
72 739
72 741
72 742
72 743
72 745
72 746
72 747
72 748
72 734
72 735
