1 1
1 2
1 3
1 4
1 6
1 7
1 8
1 9
1 10
1 11
1 12
1 13
1 14
1 15
2 5
3 16
4 17
5 18
6 19
7 147
7 20
7 22
7 150
7 152
7 155
7 157
8 21
9 23
10 24
11 25
11 26
12 27
13 28
14 29
15 32
15 30
16 31
17 33
18 34
19 35
19 37
19 39
19 41
19 44
19 45
19 47
19 48
19 49
19 50
19 148
19 53
19 154
20 36
21 38
22 40
22 43
23 42
24 46
25 51
26 52
27 256
27 257
27 258
27 259
27 260
27 261
27 262
27 263
27 176
27 54
27 694
27 56
27 58
27 60
27 62
27 63
27 68
27 73
27 75
27 717
27 718
27 103
27 105
27 106
27 236
27 109
27 237
27 239
27 112
27 240
27 113
27 241
27 625
27 115
27 116
27 244
27 117
27 245
27 246
27 119
27 247
27 248
27 121
27 249
27 123
27 251
27 252
27 254
27 255
28 55
29 57
30 59
30 175
31 61
32 64
33 65
34 66
34 67
34 70
34 71
35 69
36 72
37 74
38 76
39 77
40 78
41 90
41 79
42 80
42 96
42 82
42 83
42 89
43 81
43 98
43 84
43 100
43 85
43 86
43 87
43 88
43 91
43 93
43 94
43 95
44 92
45 97
46 99
47 101
48 102
49 104
50 107
51 108
52 110
53 111
54 114
55 118
56 120
56 125
57 122
58 124
59 129
59 130
59 126
59 142
59 127
60 128
61 131
62 132
62 133
62 134
62 135
62 136
62 137
62 138
62 139
62 140
62 141
62 143
62 144
62 145
63 146
64 149
65 151
66 153
67 160
67 161
67 162
67 163
67 164
67 156
67 158
68 159
69 165
70 177
70 178
70 166
70 170
70 186
70 171
70 188
70 189
70 190
71 167
72 168
73 169
74 172
75 173
76 174
77 179
77 180
78 181
79 182
79 183
80 184
80 185
81 187
82 191
83 192
83 193
83 194
83 195
83 196
83 198
83 200
83 201
83 202
83 203
84 197
85 199
86 209
86 225
86 226
86 211
86 216
86 217
86 204
86 220
86 221
87 205
88 213
88 206
89 207
90 208
91 210
92 212
93 214
94 215
95 218
96 219
97 224
97 222
98 223
99 227
99 229
99 231
99 233
99 235
100 228
100 230
100 234
101 232
102 243
102 238
103 242
104 250
105 253
106 275
106 264
107 265
108 266
109 267
110 268
111 269
112 270
113 271
114 272
115 273
116 274
116 286
117 276
117 277
117 279
117 280
117 281
117 282
117 283
117 284
117 287
118 278
119 285
120 288
120 289
120 290
120 291
120 293
120 294
120 295
120 296
120 297
120 298
120 299
120 300
120 301
121 292
122 302
123 303
124 304
124 306
125 305
125 321
125 307
125 311
125 312
125 313
125 316
125 318
125 319
126 308
127 309
128 310
129 314
130 315
131 317
132 320
133 322
134 323
134 325
134 327
134 328
134 329
135 324
135 326
136 330
137 331
138 357
138 332
139 353
139 354
139 355
139 356
139 358
139 333
139 334
139 335
139 336
139 337
139 338
139 339
139 340
139 341
139 343
139 344
139 345
139 346
139 347
139 348
139 350
139 351
140 342
141 349
142 352
143 359
144 368
144 371
144 372
144 360
144 361
144 362
144 363
144 364
144 365
144 366
144 367
145 369
146 370
146 374
146 375
146 376
147 373
148 377
149 384
149 385
149 386
149 387
149 378
149 380
149 381
149 382
149 383
150 379
151 401
151 402
151 403
151 388
151 404
151 391
151 393
151 394
151 395
151 397
151 399
152 389
153 400
153 390
153 392
153 396
154 398
155 405
156 406
157 416
157 418
157 419
157 420
157 422
157 407
157 412
157 414
157 415
158 408
158 413
159 409
160 417
160 410
161 411
162 421
163 423
164 424
165 440
165 425
165 426
165 431
166 427
167 448
167 436
167 438
167 443
167 428
167 446
168 429
169 430
170 432
171 433
172 434
173 435
173 437
173 439
173 444
173 447
174 441
175 442
176 445
177 449
177 474
178 450
179 451
180 452
180 458
180 459
181 453
182 454
183 455
184 456
185 457
186 460
187 464
187 469
187 471
187 461
187 463
188 465
188 468
188 470
188 472
188 473
188 475
188 462
189 466
190 467
191 476
192 477
193 478
194 481
194 483
194 484
194 486
194 491
194 492
194 479
195 480
195 485
195 487
195 488
196 482
197 489
198 490
199 500
199 493
199 494
199 495
200 496
200 512
200 504
200 508
200 509
201 497
202 498
202 499
202 501
203 502
204 514
204 503
204 505
205 506
206 507
206 511
207 510
208 513
209 515
210 528
210 529
210 516
210 517
210 519
210 521
210 526
210 527
211 518
212 520
213 522
214 523
215 524
216 525
217 530
218 544
218 531
218 532
218 534
218 567
218 552
218 568
218 569
218 539
218 571
218 558
219 533
220 535
221 546
221 547
221 548
221 550
221 551
221 554
221 555
221 556
221 559
221 560
221 563
221 536
221 538
221 570
221 540
221 541
221 543
222 537
223 542
224 545
225 549
225 565
226 553
227 557
228 561
228 564
228 566
229 562
230 572
231 573
232 578
232 580
232 574
233 577
233 579
233 575
234 576
235 581
236 582
236 590
237 583
237 585
238 592
238 594
238 595
238 596
238 597
238 598
238 584
238 600
238 587
238 589
238 591
239 586
239 588
240 593
240 599
241 601
242 602
243 603
244 610
244 612
244 604
245 605
246 608
246 609
246 611
246 613
246 615
246 617
246 606
246 607
247 614
247 618
247 619
247 620
248 616
249 621
250 622
251 624
251 626
251 629
251 630
251 632
251 633
251 635
251 637
251 623
252 627
253 628
254 631
255 634
256 636
257 641
257 643
257 644
257 646
257 638
258 642
258 645
258 639
259 640
260 647
261 658
261 660
261 661
261 662
261 648
261 664
261 649
261 666
261 668
261 653
262 650
263 651
264 652
265 654
266 655
267 656
268 657
269 659
269 665
269 667
270 663
271 675
271 676
271 692
271 679
271 680
271 681
271 669
271 685
271 670
272 671
273 672
273 688
273 674
273 690
273 691
273 677
273 682
273 683
273 684
273 686
273 687
274 673
275 678
276 689
277 693
278 695
278 697
279 696
280 698
281 699
282 700
283 701
284 709
284 715
284 702
285 703
286 704
286 712
286 713
286 714
287 705
287 707
288 706
289 708
290 710
291 711
292 716
293 720
293 722
293 723
293 724
293 727
293 730
293 719
294 721
295 725
296 726
297 728
298 729
299 731
300 737
300 739
300 741
300 743
300 744
300 745
300 746
300 747
300 732
300 748
300 733
300 735
301 734
302 736
303 738
304 740
305 742
