1 1
2 2
3 3
4 4
5 5
6 6
7 7
8 8
9 9
10 10
11 11
11 14
11 15
12 12
13 13
14 16
15 17
16 18
17 19
18 20
19 21
20 22
21 23
22 24
23 25
24 26
25 27
26 28
27 29
28 30
29 31
30 32
31 33
32 34
33 35
34 36
35 37
36 38
37 39
38 40
39 41
40 42
41 43
42 44
43 45
44 46
45 47
46 48
47 49
48 50
49 51
50 52
51 53
52 54
53 55
54 56
55 57
56 58
57 59
58 60
59 61
60 62
61 63
62 64
63 65
64 66
65 67
66 68
67 69
68 70
69 71
70 72
71 73
72 74
73 75
74 76
75 77
76 78
77 79
78 80
79 81
79 84
79 85
79 86
80 82
81 83
82 87
82 91
83 88
84 89
85 90
86 92
87 98
87 100
87 93
88 94
89 95
90 96
91 97
92 99
93 101
94 102
95 103
96 104
97 105
98 106
99 107
100 108
101 109
102 110
103 111
104 112
105 113
106 114
107 115
108 116
109 117
110 118
111 119
112 120
113 121
114 122
115 123
116 124
117 125
118 126
119 127
120 128
121 129
122 130
123 131
124 132
125 133
126 134
127 135
128 136
129 137
130 138
131 139
132 140
133 141
134 142
135 143
136 144
137 145
138 146
139 147
140 148
141 149
142 150
143 151
144 152
145 153
146 154
147 155
148 156
149 157
150 158
151 159
152 160
153 161
154 162
155 163
156 164
157 165
158 166
159 167
160 168
161 169
162 170
163 177
163 178
163 171
163 188
164 172
165 173
166 174
167 175
168 176
169 179
170 180
171 181
172 182
172 183
173 184
174 185
175 186
176 187
177 189
178 190
179 191
180 192
180 193
180 194
180 196
180 198
180 200
180 202
180 203
181 195
182 197
183 199
184 201
185 204
186 205
187 206
188 207
189 208
190 209
191 210
192 211
193 212
194 213
195 214
196 215
197 216
198 217
199 218
200 219
201 220
202 221
203 222
204 223
205 224
206 225
207 226
208 227
209 228
210 229
211 230
212 231
213 232
214 233
215 234
216 235
217 236
218 237
219 238
220 239
221 240
222 241
223 242
224 243
225 244
226 245
227 246
228 247
229 248
229 249
230 250
231 251
232 252
233 253
234 254
235 255
236 256
237 257
238 258
239 259
240 260
241 261
242 262
243 263
244 264
245 265
246 266
247 267
248 268
249 269
250 270
251 271
252 272
253 273
254 274
255 275
256 276
257 277
258 278
259 279
260 280
261 281
262 282
263 283
264 284
265 285
266 286
267 287
268 288
269 289
270 290
271 291
272 292
273 293
274 294
275 295
276 296
277 297
278 298
279 299
280 300
281 301
282 302
283 303
284 304
285 305
286 306
287 307
288 308
289 309
290 310
291 311
292 312
293 313
294 314
295 315
296 316
297 317
298 318
299 319
300 320
301 321
302 322
303 323
303 325
303 327
304 324
305 326
306 328
307 329
308 330
309 331
310 332
311 333
312 334
313 335
314 336
315 337
316 338
317 339
318 340
319 341
320 342
321 353
321 343
321 345
321 351
322 344
323 346
324 347
325 348
326 349
327 350
328 352
329 354
330 355
331 356
332 357
333 358
334 359
335 360
336 361
337 362
338 363
339 364
339 366
340 365
341 367
342 368
343 369
344 370
344 374
344 375
345 371
346 372
347 373
348 376
349 377
350 384
350 385
350 386
350 387
350 378
350 380
350 381
350 382
350 383
351 379
352 401
352 402
352 388
352 404
352 391
352 393
352 395
352 399
353 389
354 390
354 392
355 394
356 400
356 396
357 397
358 398
359 403
360 405
361 406
362 407
363 408
364 409
365 410
366 411
367 412
368 413
369 416
369 418
369 419
369 422
369 414
370 415
371 417
372 420
373 421
374 423
375 424
376 425
377 426
378 427
379 428
380 429
381 430
382 431
383 432
384 433
385 434
386 435
387 436
388 437
389 438
390 439
391 440
392 441
393 442
394 443
395 444
396 445
397 446
398 447
399 448
400 449
401 450
402 451
403 452
404 453
405 454
406 455
407 456
408 457
409 458
410 459
411 460
412 461
413 462
414 463
415 464
416 465
417 466
418 467
419 468
420 469
421 470
422 471
423 472
424 473
425 474
426 475
427 476
428 477
429 478
430 479
431 480
432 481
433 482
434 483
435 484
436 485
437 486
438 487
438 488
438 492
439 489
440 490
441 491
442 493
443 494
444 495
445 496
446 497
447 498
448 499
448 501
449 500
450 502
451 503
452 504
452 508
452 509
453 514
453 505
454 506
455 507
455 511
456 510
457 512
458 513
459 515
460 516
461 517
462 518
463 519
464 520
465 521
466 522
467 523
468 524
469 525
470 526
471 527
472 528
473 529
474 530
475 531
476 532
477 533
478 544
478 534
478 567
478 569
478 539
479 535
480 536
481 537
482 538
483 560
483 546
483 563
483 550
483 540
483 556
483 541
483 543
483 559
484 542
485 545
486 547
487 548
488 549
489 551
490 552
491 553
492 554
493 555
494 557
495 558
496 561
497 562
498 564
499 565
500 566
501 568
502 570
503 571
504 572
505 580
505 573
506 574
507 577
507 575
508 576
509 578
510 579
511 581
512 582
513 583
514 584
515 585
516 586
517 594
517 598
517 600
517 587
518 588
519 589
520 590
521 591
522 592
523 593
524 595
524 597
525 596
526 599
527 601
528 602
529 603
530 604
531 605
532 608
532 609
532 617
532 606
532 607
533 610
534 611
535 612
536 613
537 614
538 615
539 616
540 618
541 619
542 620
543 621
544 622
545 623
546 624
547 625
548 626
549 627
550 628
551 629
552 630
553 631
554 632
555 633
556 634
557 635
558 636
559 637
560 638
561 642
561 645
561 639
562 640
563 641
564 643
565 644
566 646
567 647
568 648
569 649
570 650
571 651
572 652
573 653
574 654
575 655
576 656
577 657
578 658
579 659
580 660
581 661
582 662
583 663
584 664
584 666
585 665
586 667
587 668
588 669
589 670
590 671
591 672
592 673
593 674
594 675
595 676
596 677
597 678
598 679
598 681
599 680
600 682
601 683
602 684
603 685
604 686
605 687
606 688
607 689
608 690
609 691
610 692
611 693
612 694
613 695
614 696
615 697
616 698
617 699
618 700
619 701
620 702
621 703
622 704
623 705
624 706
625 707
626 708
627 709
628 710
629 711
630 712
631 713
632 714
633 715
634 716
635 717
636 718
637 719
638 720
639 721
640 722
641 723
642 724
643 725
644 726
645 727
646 728
647 729
648 730
649 731
650 732
651 733
652 734
653 735
654 736
655 737
656 738
657 739
658 740
659 741
660 742
661 743
662 744
663 745
664 746
665 747
666 748
