1 1
2 2
3 3
4 4
5 5
6 6
7 7
8 8
9 9
10 10
11 11
12 12
13 13
14 14
15 15
16 16
17 17
18 18
19 19
20 20
21 21
22 22
23 23
24 24
25 25
26 26
27 27
28 28
29 29
30 30
31 31
32 32
33 33
34 34
35 35
36 36
37 37
38 38
39 39
40 40
41 41
42 42
43 43
44 44
45 45
46 46
47 47
48 48
49 49
50 50
51 51
52 52
53 53
54 54
55 55
56 56
57 57
58 58
59 59
60 60
61 61
62 62
63 63
64 64
65 65
66 66
67 67
68 68
69 69
70 70
71 71
72 72
73 73
74 74
75 75
76 76
77 77
78 78
79 79
80 80
81 81
82 82
83 83
84 84
85 85
86 86
87 87
88 88
89 89
90 90
91 91
92 92
93 93
94 94
95 95
96 96
97 97
98 98
99 99
100 100
101 101
102 102
103 103
104 104
105 105
106 106
107 107
108 108
109 109
110 110
111 111
112 112
113 113
114 114
115 115
116 116
117 117
118 118
119 119
120 120
121 121
122 122
123 123
124 124
125 125
126 126
127 127
128 128
129 129
130 130
131 131
132 132
133 133
134 134
135 135
136 136
137 137
138 138
139 139
140 140
141 141
142 142
143 143
144 144
145 145
146 146
147 147
148 148
149 149
150 150
151 151
152 152
153 153
154 154
155 155
156 156
157 157
158 158
159 159
160 160
161 161
162 162
163 163
164 164
165 165
166 166
167 167
168 168
169 169
170 170
171 171
172 172
173 173
174 174
175 175
176 176
177 177
178 178
179 179
180 180
181 181
182 182
183 183
184 184
185 185
186 186
187 187
188 188
189 189
190 190
191 191
192 192
193 193
194 194
195 195
196 196
197 197
198 198
199 199
200 200
200 202
201 201
202 203
203 204
204 205
205 206
206 207
207 208
208 209
209 210
210 211
211 212
212 213
213 214
214 215
215 216
216 217
217 218
218 219
219 220
220 221
221 222
222 223
223 224
224 225
225 226
226 227
227 228
228 229
229 230
230 231
231 232
232 233
233 234
234 235
235 236
236 237
237 238
238 239
239 240
240 241
241 242
242 243
243 244
244 245
245 246
246 247
247 248
248 249
249 250
250 251
251 252
252 253
253 254
254 255
255 256
256 257
257 258
258 259
259 260
260 261
261 262
262 263
263 264
264 265
265 266
266 267
267 268
268 269
269 270
270 271
271 272
272 273
273 274
274 275
275 276
276 277
277 278
278 279
279 280
280 281
281 282
282 283
283 284
284 285
285 286
286 287
287 288
288 289
289 290
290 291
291 292
292 293
293 294
294 295
295 296
296 297
297 298
298 299
299 300
300 301
301 302
302 303
303 304
304 305
305 306
306 307
307 308
308 309
309 310
310 311
311 312
312 313
313 314
314 315
315 316
316 317
317 318
318 319
319 320
320 321
321 322
322 323
322 325
323 324
324 326
325 327
326 328
327 329
328 330
329 331
330 332
331 333
332 334
333 335
334 336
335 337
336 338
337 339
338 340
339 341
340 342
341 343
342 344
343 345
344 346
345 347
346 348
347 349
348 350
349 351
350 352
351 353
352 354
353 355
354 356
355 357
356 358
357 359
358 360
359 361
360 362
361 363
362 364
363 365
364 366
365 367
366 368
367 369
368 370
369 371
370 372
371 373
372 374
373 375
374 376
375 377
376 378
377 379
378 380
379 381
380 382
381 386
381 383
382 384
383 385
384 387
385 388
386 389
387 390
388 391
389 392
390 393
391 394
392 395
393 400
393 396
394 397
395 398
396 399
397 401
398 402
399 403
400 404
401 405
402 406
403 407
404 408
405 409
406 410
407 411
408 412
409 413
410 414
411 415
412 416
413 417
414 418
415 419
416 420
417 421
418 422
419 423
420 424
421 425
422 426
423 427
424 428
425 429
426 430
427 431
428 432
429 433
430 434
431 435
432 436
433 437
434 438
435 439
436 440
437 441
438 442
439 443
440 444
441 445
442 446
443 447
444 448
445 449
446 450
447 451
448 452
449 453
450 454
451 455
452 456
453 457
454 458
455 459
456 460
457 461
458 462
459 463
460 464
461 465
462 466
463 467
464 468
465 469
466 470
467 471
468 472
469 473
470 474
471 475
472 476
473 477
474 478
475 479
476 480
477 481
478 482
479 483
480 484
481 485
482 486
483 487
484 488
485 489
486 490
487 491
488 492
489 493
490 494
491 495
492 496
493 497
494 498
495 499
496 500
497 501
498 502
499 503
500 504
501 505
502 506
503 507
504 508
505 509
506 510
507 511
508 512
509 513
510 514
511 515
512 516
513 517
514 518
515 519
516 520
517 521
518 522
519 523
520 524
521 525
522 526
523 527
524 528
525 529
526 530
527 531
528 532
529 533
530 534
531 535
532 536
533 537
534 538
535 539
536 540
537 541
538 542
539 543
540 544
541 545
542 546
543 547
544 548
545 549
546 550
547 551
548 552
549 553
550 554
551 555
552 556
553 557
554 558
555 559
556 560
557 561
558 562
559 563
560 564
561 565
562 566
563 567
564 568
565 569
566 570
567 571
568 572
569 573
570 574
571 575
572 576
573 577
574 578
575 579
576 580
577 581
578 582
579 583
580 584
581 585
582 586
583 587
584 588
585 589
586 590
587 591
588 592
589 593
590 594
591 595
591 597
592 596
593 598
594 599
595 600
596 601
597 602
598 603
599 604
600 605
601 606
602 607
603 608
604 609
605 610
606 611
607 612
608 613
609 614
610 615
611 616
612 617
613 618
614 619
615 620
616 621
617 622
618 623
619 624
620 625
621 626
622 627
623 628
624 629
625 630
626 631
627 632
628 633
629 634
630 635
631 636
632 637
633 638
634 645
634 639
635 640
636 641
637 642
638 643
639 644
640 646
641 647
642 648
643 649
644 650
645 651
646 652
647 653
648 654
649 655
650 656
651 657
652 658
653 659
654 660
655 661
656 662
657 663
658 664
659 665
660 666
661 667
662 668
663 669
664 670
665 671
666 672
667 673
668 674
669 675
670 676
671 677
672 678
673 679
674 680
675 681
676 682
677 683
678 684
679 685
680 686
681 687
682 688
683 689
684 690
685 691
686 692
687 693
688 694
689 695
690 696
691 697
692 698
693 699
694 700
695 701
696 702
697 703
698 704
699 705
700 706
701 707
702 708
703 709
704 710
705 711
706 712
707 713
708 714
709 715
710 716
711 717
712 718
713 719
714 720
715 721
716 722
717 723
718 724
719 725
720 726
721 727
722 728
723 729
724 730
725 731
726 732
727 733
728 734
729 735
730 736
731 737
732 738
733 739
734 740
735 741
736 742
737 743
738 744
739 745
740 746
741 747
742 748
