1 1
2 2
3 3
4 4
5 5
6 6
7 7
8 8
9 9
10 10
11 11
12 12
13 13
14 14
14 15
15 16
16 17
17 18
18 19
19 20
20 21
21 22
22 23
23 24
24 25
25 26
26 27
27 28
28 29
29 30
30 31
31 32
32 33
33 34
34 35
35 36
36 37
37 38
38 39
39 40
40 41
41 42
42 43
43 44
44 45
45 46
46 47
47 48
48 49
49 50
50 51
51 52
52 53
53 54
54 55
55 56
56 57
57 58
58 59
59 60
60 61
61 62
62 63
63 64
64 65
65 66
66 67
67 68
68 69
69 70
70 71
71 72
72 73
73 74
74 75
75 76
76 77
77 78
78 79
79 80
80 81
81 82
82 83
83 84
84 85
85 86
86 87
87 88
88 89
89 90
90 91
91 92
92 93
93 94
94 95
95 96
96 97
97 98
98 99
99 100
100 101
101 102
102 103
103 104
104 105
105 106
106 107
107 108
108 109
109 110
110 111
111 112
112 113
113 114
114 115
115 116
116 117
117 118
118 119
119 120
120 121
121 122
122 123
123 124
124 125
125 126
126 127
127 128
128 129
129 130
130 131
131 132
132 133
133 134
134 135
135 136
136 137
137 138
138 139
139 140
140 141
141 142
142 143
143 144
144 145
145 146
146 147
147 148
148 149
149 150
150 151
151 152
152 153
153 154
154 155
155 156
156 157
157 158
158 159
159 160
160 161
161 162
162 163
163 164
164 165
165 166
166 167
167 168
168 169
169 170
170 171
171 172
172 173
173 174
174 175
175 176
176 177
177 178
178 179
179 180
180 181
181 182
182 183
183 184
184 185
185 186
186 187
187 188
188 189
189 190
190 191
191 192
192 193
193 194
194 195
195 196
196 197
197 198
197 200
197 202
197 203
198 199
199 201
200 204
201 205
202 206
203 207
204 208
205 209
206 210
207 211
208 212
209 213
210 214
211 215
212 216
213 217
214 218
215 219
216 220
217 221
218 222
219 223
220 224
221 225
222 226
223 227
224 228
225 229
226 230
227 231
228 232
229 233
230 234
231 235
232 236
233 237
234 238
235 239
236 240
237 241
238 242
239 243
240 244
241 245
242 246
243 247
244 248
245 249
246 250
247 251
248 252
249 253
250 254
251 255
252 256
253 257
254 258
255 259
256 260
257 261
258 262
259 263
260 264
261 265
262 266
263 267
264 268
265 269
266 270
267 271
268 272
269 273
270 274
271 275
272 276
273 277
274 278
275 279
276 280
277 281
278 282
279 283
280 284
281 285
282 286
283 287
284 288
285 289
286 290
287 291
288 292
289 293
290 294
291 295
292 296
293 297
294 298
295 299
296 300
297 301
298 302
299 303
300 304
301 305
302 306
303 307
304 308
305 309
306 310
307 311
308 312
309 313
310 314
311 315
312 316
313 317
314 318
315 319
316 320
317 321
318 322
319 323
319 325
320 324
321 326
322 327
323 328
324 329
325 330
326 331
327 332
328 333
329 334
330 335
331 336
332 337
333 338
334 339
335 340
336 341
337 342
338 343
339 344
340 345
341 346
342 347
343 348
344 349
345 350
346 351
347 352
348 353
349 354
350 355
351 356
352 357
353 358
354 359
355 360
356 361
357 362
358 363
359 364
360 365
361 366
362 367
363 368
364 369
365 370
365 374
366 371
367 372
368 373
369 375
370 376
371 377
372 378
373 379
374 380
375 381
376 382
377 386
377 387
377 383
378 384
379 385
380 388
381 389
382 390
383 391
384 392
385 393
386 394
387 395
388 400
388 396
389 397
390 398
391 399
392 401
393 402
394 403
395 404
396 405
397 406
398 407
399 408
400 409
401 410
402 411
403 412
404 413
405 414
406 415
407 416
408 417
409 418
410 419
411 420
412 421
413 422
414 423
415 424
416 425
417 426
418 427
419 428
420 429
421 430
422 431
423 432
424 433
425 434
426 435
427 436
428 437
429 438
430 439
431 440
432 441
433 442
434 443
435 444
436 445
437 446
438 447
439 448
440 449
441 450
442 451
443 452
444 453
445 454
446 455
447 456
448 457
449 458
450 459
451 460
452 461
453 462
454 463
455 464
456 465
457 466
458 467
459 468
460 469
461 470
462 471
463 472
464 473
465 474
466 475
467 476
468 477
469 478
470 479
471 480
472 481
473 482
474 483
475 484
476 485
477 486
478 487
479 488
480 489
481 490
482 491
483 492
484 493
485 494
486 495
487 496
488 497
489 498
490 499
491 500
492 501
493 502
494 503
495 504
496 505
497 506
498 507
499 508
500 509
501 510
502 511
503 512
504 513
505 514
506 515
507 516
508 517
509 518
510 519
511 520
512 521
513 522
514 523
515 524
516 525
517 526
518 527
519 528
520 529
521 530
522 531
523 532
524 533
525 534
526 535
527 536
528 537
529 538
530 539
531 560
531 546
531 540
531 541
531 543
532 542
533 544
534 545
535 547
536 548
537 549
538 550
539 551
540 552
541 553
542 554
543 555
544 556
545 557
546 558
547 559
548 561
549 562
550 563
551 564
552 565
553 566
554 567
555 568
556 569
557 570
558 571
559 572
560 573
561 574
562 575
563 576
564 577
565 578
566 579
567 580
568 581
569 582
570 583
571 584
572 585
573 586
574 587
575 588
576 589
577 590
578 591
579 592
580 593
581 594
582 595
582 597
583 596
584 598
585 599
586 600
587 601
588 602
589 603
590 604
591 605
592 617
592 606
593 607
594 608
595 609
596 610
597 611
598 612
599 613
600 614
601 615
602 616
603 618
604 619
605 620
606 621
607 622
608 623
609 624
610 625
611 626
612 627
613 628
614 629
615 630
616 631
617 632
618 633
619 634
620 635
621 636
622 637
623 638
624 645
624 639
625 640
626 641
627 642
628 643
629 644
630 646
631 647
632 648
633 649
634 650
635 651
636 652
637 653
638 654
639 655
640 656
641 657
642 658
643 659
644 660
645 661
646 662
647 663
648 664
649 665
650 666
651 667
652 668
653 669
654 670
655 671
656 672
657 673
658 674
659 675
660 676
661 677
662 678
663 679
664 680
665 681
666 682
667 683
668 684
669 685
670 686
671 687
672 688
673 689
674 690
675 691
676 692
677 693
678 694
679 695
680 696
681 697
682 698
683 699
684 700
685 701
686 702
687 703
688 704
689 705
690 706
691 707
692 708
693 709
694 710
695 711
696 712
697 713
698 714
699 715
700 716
701 717
702 718
703 719
704 720
705 721
706 722
707 723
708 724
709 725
710 726
711 727
712 728
713 729
714 730
715 731
716 732
717 733
718 734
719 735
720 736
721 737
722 738
723 739
724 740
725 741
726 742
727 743
728 744
729 745
730 746
731 747
732 748
